<?xml version="1.0" encoding="UTF-8"?>
<!-- Generated by org.testng.reporters.JUnitReportReporter -->
<testsuite hostname="Milans-MBP.ht.home" failures="0" tests="2" name="day40.OrangeHrmTest" time="1.951" errors="0" timestamp="2022-03-24T19:28:17 EDT" skipped="0">
  <testcase classname="day40.OrangeHrmTest" name="test_logo" time="0.060"/>
  <system-out/>
  <testcase classname="day40.OrangeHrmTest" name="test_login" time="1.891"/>
  <system-out/>
</testsuite> <!-- day40.OrangeHrmTest -->
