<?xml version="1.0" encoding="UTF-8"?>
<!-- Generated by org.testng.reporters.JUnitReportReporter -->
<testsuite hostname="Milans-MacBook-Pro.local" failures="0" tests="1" name="day42.ReadingPropertiesFile" time="6.937" errors="0" timestamp="2022-03-27T23:14:16 EDT" skipped="0">
  <testcase classname="day42.ReadingPropertiesFile" name="loginTest" time="6.937"/>
  <system-out/>
</testsuite> <!-- day42.ReadingPropertiesFile -->
