<?xml version="1.0" encoding="UTF-8"?>
<!-- Generated by org.testng.reporters.JUnitReportReporter -->
<testsuite hostname="Milans-MBP.ht.home" failures="0" tests="1" name="day41.BrokenLinksDemo" time="7.715" errors="0" timestamp="2022-03-24T19:34:47 EDT" skipped="0">
  <testcase classname="day41.BrokenLinksDemo" name="testBrokenLinks" time="7.715"/>
  <system-out/>
</testsuite> <!-- day41.BrokenLinksDemo -->
