<?xml version="1.0" encoding="UTF-8"?>
<!-- Generated by org.testng.reporters.JUnitReportReporter -->
<testsuite hostname="Milans-MBP.ht.home" failures="0" tests="1" name="day41.CookiesDemo" time="0.107" errors="0" timestamp="2022-03-24T19:21:06 EDT" skipped="0">
  <testcase classname="day41.CookiesDemo" name="testCookies" time="0.107"/>
  <system-out/>
</testsuite> <!-- day41.CookiesDemo -->
