<?xml version="1.0" encoding="UTF-8"?>
<!-- Generated by org.testng.reporters.JUnitReportReporter -->
<testsuite hostname="Milans-MBP.ht.home" failures="0" tests="6" name="day38.ParameterDemo" time="0.215" errors="0" timestamp="2022-03-21T12:17:32 EDT" skipped="0">
  <testcase classname="day38.ParameterDemo" name="testLogo" time="0.082"/>
  <system-out/>
  <testcase classname="day38.ParameterDemo" name="testLogo" time="0.040"/>
  <system-out/>
  <testcase classname="day38.ParameterDemo" name="testLogo" time="0.057"/>
  <system-out/>
  <testcase classname="day38.ParameterDemo" name="testTitle" time="0.008"/>
  <system-out/>
  <testcase classname="day38.ParameterDemo" name="testTitle" time="0.009"/>
  <system-out/>
  <testcase classname="day38.ParameterDemo" name="testTitle" time="0.019"/>
  <system-out/>
</testsuite> <!-- day38.ParameterDemo -->
