<?xml version="1.0" encoding="UTF-8"?>
<!-- Generated by org.testng.reporters.JUnitReportReporter -->
<testsuite hostname="Milans-MBP.ht.home" failures="0" tests="5" name="day37.DataProviderDemo" time="20.071" errors="0" timestamp="2022-03-21T11:04:46 EDT" skipped="0">
  <testcase classname="day37.DataProviderDemo" name="testLogin" time="4.640"/>
  <system-out/>
  <testcase classname="day37.DataProviderDemo" name="testLogin" time="3.924"/>
  <system-out/>
  <testcase classname="day37.DataProviderDemo" name="testLogin" time="3.790"/>
  <system-out/>
  <testcase classname="day37.DataProviderDemo" name="testLogin" time="3.790"/>
  <system-out/>
  <testcase classname="day37.DataProviderDemo" name="testLogin" time="3.927"/>
  <system-out/>
</testsuite> <!-- day37.DataProviderDemo -->
