<?xml version="1.0" encoding="UTF-8"?>
<!-- Generated by org.testng.reporters.JUnitReportReporter -->
<testsuite hostname="Milans-MBP.ht.home" failures="0" tests="3" name="day41.HeadlessTesting" time="10.403" errors="0" timestamp="2022-03-24T19:33:55 EDT" skipped="0">
  <testcase classname="day41.HeadlessTesting" name="heallessChrome" time="3.601"/>
  <system-out/>
  <testcase classname="day41.HeadlessTesting" name="heallessEdge" time="3.022"/>
  <system-out/>
  <testcase classname="day41.HeadlessTesting" name="heallessFirefox" time="3.780"/>
  <system-out/>
</testsuite> <!-- day41.HeadlessTesting -->
