<?xml version="1.0" encoding="UTF-8"?>
<!-- Generated by org.testng.reporters.JUnitReportReporter -->
<testsuite hostname="Milans-MBP.ht.home" failures="0" tests="2" name="day40.OrangeHrmTest1" time="2.044" errors="0" timestamp="2022-03-23T00:01:30 EDT" skipped="0">
  <testcase classname="day40.OrangeHrmTest1" name="test_logo" time="0.061"/>
  <system-out/>
  <testcase classname="day40.OrangeHrmTest1" name="test_login" time="1.983"/>
  <system-out/>
</testsuite> <!-- day40.OrangeHrmTest1 -->
