<?xml version="1.0" encoding="UTF-8"?>
<!-- Generated by org.testng.reporters.JUnitReportReporter -->
<testsuite hostname="Milans-MBP.ht.home" failures="0" tests="2" name="day36.AllAnnotations" time="0.005" errors="0" timestamp="2022-03-17T12:58:48 EDT" skipped="0">
  <testcase classname="day36.AllAnnotations" name="search" time="0.004"/>
  <system-out/>
  <testcase classname="day36.AllAnnotations" name="advsearch" time="0.001"/>
  <system-out/>
</testsuite> <!-- day36.AllAnnotations -->
