<?xml version="1.0" encoding="UTF-8"?>
<!-- Generated by org.testng.reporters.JUnitReportReporter -->
<testsuite hostname="Milans-MBP.ht.home" failures="0" tests="3" name="day42.TakesScreenshotDemo" time="1.237" errors="0" timestamp="2022-03-25T03:06:43 EDT" skipped="0">
  <testcase classname="day42.TakesScreenshotDemo" name="fullpagescreenshot" time="0.790"/>
  <system-out/>
  <testcase classname="day42.TakesScreenshotDemo" name="specificelementscreenshot" time="0.139"/>
  <system-out/>
  <testcase classname="day42.TakesScreenshotDemo" name="specificsectionscreenshot" time="0.308"/>
  <system-out/>
</testsuite> <!-- day42.TakesScreenshotDemo -->
